<?xml version="1.0" encoding="UTF-8"?>
<!-- Generated by org.testng.reporters.JUnitReportReporter -->
<testsuite hostname="LAPTOP-FGFTID5C" failures="0" tests="3" name="dataProvider.DDTwithExcel" time="0.008" errors="0" timestamp="2024-09-03T15:27:15 IST" skipped="0">
  <testcase classname="dataProvider.DDTwithExcel" name="fetchData" time="0.002"/>
  <testcase classname="dataProvider.DDTwithExcel" name="fetchData" time="0.005"/>
  <testcase classname="dataProvider.DDTwithExcel" name="fetchData" time="0.001"/>
</testsuite> <!-- dataProvider.DDTwithExcel -->
