<?xml version="1.0" encoding="UTF-8"?>
<!-- Generated by org.testng.reporters.JUnitReportReporter -->
<testsuite hostname="LAPTOP-FGFTID5C" failures="0" tests="1" name="firstTestNG.annotationTest" time="0.030" errors="0" timestamp="2024-08-26T17:50:06 IST" skipped="0">
  <testcase classname="firstTestNG.annotationTest" name="startbrowser" time="0.030"/>
</testsuite> <!-- firstTestNG.annotationTest -->
