<?xml version="1.0" encoding="UTF-8"?>
<!-- Generated by org.testng.reporters.JUnitReportReporter -->
<testsuite hostname="LAPTOP-FGFTID5C" failures="0" tests="1" name="firstTestNG.testOne" time="0.009" errors="0" timestamp="2024-08-23T06:57:13 IST" skipped="0">
  <testcase classname="firstTestNG.testOne" name="test1" time="0.009"/>
</testsuite> <!-- firstTestNG.testOne -->
