<?xml version="1.0" encoding="UTF-8"?>
<!-- Generated by org.testng.reporters.JUnitReportReporter -->
<testsuite hostname="LAPTOP-FGFTID5C" failures="0" tests="4" name="firstTestNG.testwithPriority" time="0.014" errors="0" timestamp="2024-08-23T07:11:14 IST" skipped="0">
  <testcase classname="firstTestNG.testwithPriority" name="login" time="0.008"/>
  <testcase classname="firstTestNG.testwithPriority" name="addtoCart" time="0.001"/>
  <testcase classname="firstTestNG.testwithPriority" name="makePayment" time="0.003"/>
  <testcase classname="firstTestNG.testwithPriority" name="logoutApp" time="0.002"/>
</testsuite> <!-- firstTestNG.testwithPriority -->
