<?xml version="1.0" encoding="UTF-8"?>
<!-- Generated by org.testng.reporters.JUnitReportReporter -->
<testsuite hostname="LAPTOP-FGFTID5C" failures="0" tests="3" name="dataProvider.UsingCDP" time="0.008" errors="0" timestamp="2024-09-03T16:34:00 IST" skipped="0">
  <testcase classname="dataProvider.UsingCDP" name="fetchData" time="0.001"/>
  <testcase classname="dataProvider.UsingCDP" name="fetchData" time="0.001"/>
  <testcase classname="dataProvider.UsingCDP" name="fetchData" time="0.006"/>
</testsuite> <!-- dataProvider.UsingCDP -->
