<?xml version="1.0" encoding="UTF-8"?>
<!-- Generated by org.testng.reporters.JUnitReportReporter -->
<testsuite hostname="LAPTOP-FGFTID5C" failures="0" tests="2" name="testngFramework.testone" time="0.007" errors="0" timestamp="2024-08-23T06:09:43 IST" skipped="0">
  <testcase classname="testngFramework.testone" name="test1" time="0.006"/>
  <system-out/>
  <testcase classname="testngFramework.testone" name="test2" time="0.001"/>
  <system-out/>
</testsuite> <!-- testngFramework.testone -->
