<?xml version="1.0" encoding="UTF-8"?>
<!-- Generated by org.testng.reporters.JUnitReportReporter -->
<testsuite hostname="LAPTOP-FGFTID5C" failures="0" tests="3" name="firstTestNG.skips" time="0.014" errors="0" timestamp="2024-08-25T07:36:21 IST" skipped="0">
  <testcase classname="firstTestNG.skips" name="startbrowser" time="0.012">
    <system-out>
      <![CDATA[Browser started]]>
    </system-out>
  </testcase> <!-- startbrowser -->
  <testcase classname="firstTestNG.skips" name="verifyTitle" time="0.001">
    <system-out>
      <![CDATA[Title Verified]]>
    </system-out>
  </testcase> <!-- verifyTitle -->
  <testcase classname="firstTestNG.skips" name="closebrowser" time="0.001">
    <system-out>
      <![CDATA[Browser close]]>
    </system-out>
  </testcase> <!-- closebrowser -->
  <system-out>
    <![CDATA[Browser started
Title Verified
Browser close]]>
  </system-out>
</testsuite> <!-- firstTestNG.skips -->
