<?xml version="1.0" encoding="UTF-8"?>
<!-- Generated by org.testng.reporters.JUnitReportReporter -->
<testsuite hostname="LAPTOP-FGFTID5C" failures="0" tests="2" name="firstTestNG.testdescription" time="0.010" errors="0" timestamp="2024-08-23T07:03:10 IST" skipped="0">
  <testcase classname="firstTestNG.testdescription" name="test1" time="0.008"/>
  <testcase classname="firstTestNG.testdescription" name="test2" time="0.002"/>
</testsuite> <!-- firstTestNG.testdescription -->
