<?xml version="1.0" encoding="UTF-8"?>
<!-- Generated by org.testng.reporters.JUnitReportReporter -->
<testsuite hostname="LAPTOP-FGFTID5C" failures="0" tests="2" name="dataProvider.DDTSample" time="0.007" errors="0" timestamp="2024-08-29T13:00:05 IST" skipped="0">
  <testcase classname="dataProvider.DDTSample" name="fetchData" time="0.005"/>
  <testcase classname="dataProvider.DDTSample" name="fetchData" time="0.002"/>
</testsuite> <!-- dataProvider.DDTSample -->
