<?xml version="1.0" encoding="UTF-8"?>
<!-- Generated by org.testng.reporters.JUnitReportReporter -->
<testsuite hostname="LAPTOP-FGFTID5C" failures="0" tests="8" name="firstTestNG.parameterstest" time="11.747" errors="0" timestamp="2024-08-29T05:11:18 IST" skipped="0">
  <testcase classname="firstTestNG.parameterstest" name="Launchapp" time="1.988"/>
  <testcase classname="firstTestNG.parameterstest" name="Launchapp" time="2.299"/>
  <testcase classname="firstTestNG.parameterstest" name="EnterLoginDetails" time="0.520"/>
  <testcase classname="firstTestNG.parameterstest" name="EnterLoginDetails" time="1.562"/>
  <testcase classname="firstTestNG.parameterstest" name="NavigatetoMyInfo" time="2.473"/>
  <testcase classname="firstTestNG.parameterstest" name="NavigatetoMyInfo" time="1.492"/>
  <testcase classname="firstTestNG.parameterstest" name="verifyInfo" time="0.321"/>
  <testcase classname="firstTestNG.parameterstest" name="verifyLogin" time="1.092"/>
</testsuite> <!-- firstTestNG.parameterstest -->
