<?xml version="1.0" encoding="UTF-8"?>
<!-- Generated by org.testng.reporters.JUnitReportReporter -->
<testsuite hostname="LAPTOP-FGFTID5C" failures="0" tests="3" name="firstTestNG.sampletest" time="0.001" errors="0" timestamp="2024-09-25T06:08:35 IST" skipped="0">
  <testcase classname="firstTestNG.sampletest" name="test2" time="0.001"/>
  <testcase classname="firstTestNG.sampletest" name="test3" time="0.000"/>
  <testcase classname="firstTestNG.sampletest" name="test1" time="0.000"/>
</testsuite> <!-- firstTestNG.sampletest -->
